info @storybook/react v6.1.21
info 
info => Cleaning outputDir /var/folders/zh/8xfk4vl53x3800xnbts8b0f40000gn/T/chromatic--46356-QQ5N4QckhCuR
info => Loading custom manager config
info => Building manager..
info => Loading manager config..
info => Loading presets
WARN unable to find package.json for @rollup/plugin-node-resolve
WARN unable to find package.json for rollup
info => Loading custom manager config
info => Compiling manager..
/Users/horacionunez/workspaces/ki/web-ui/node_modules/webpack/lib/javascript/JavascriptModulesPlugin.js:113
			throw new TypeError(
			^

TypeError: The 'compilation' argument must be an instance of Compilation
    at Function.getCompilationHooks (/Users/horacionunez/workspaces/ki/web-ui/node_modules/webpack/lib/javascript/JavascriptModulesPlugin.js:113:10)
    at /Users/horacionunez/workspaces/ki/web-ui/node_modules/terser-webpack-plugin/dist/index.js:571:67
    at SyncHook.eval [as call] (eval at create (/Users/horacionunez/workspaces/ki/web-ui/node_modules/tapable/lib/HookCodeFactory.js:19:10), <anonymous>:87:1)
    at SyncHook.lazyCompileHook (/Users/horacionunez/workspaces/ki/web-ui/node_modules/tapable/lib/Hook.js:154:20)
    at Compiler.newCompilation (/Users/horacionunez/workspaces/ki/web-ui/node_modules/@storybook/core/node_modules/webpack/lib/Compiler.js:631:26)
    at /Users/horacionunez/workspaces/ki/web-ui/node_modules/@storybook/core/node_modules/webpack/lib/Compiler.js:667:29
    at AsyncSeriesHook.eval [as callAsync] (eval at create (/Users/horacionunez/workspaces/ki/web-ui/node_modules/tapable/lib/HookCodeFactory.js:33:10), <anonymous>:6:1)
    at AsyncSeriesHook.lazyCompileHook (/Users/horacionunez/workspaces/ki/web-ui/node_modules/tapable/lib/Hook.js:154:20)
    at Compiler.compile (/Users/horacionunez/workspaces/ki/web-ui/node_modules/@storybook/core/node_modules/webpack/lib/Compiler.js:662:28)
    at /Users/horacionunez/workspaces/ki/web-ui/node_modules/@storybook/core/node_modules/webpack/lib/Compiler.js:321:11
    at Array.<anonymous> (/Users/horacionunez/workspaces/ki/web-ui/node_modules/@storybook/core/node_modules/webpack/lib/Compiler.js:534:20)
    at Storage.finished (/Users/horacionunez/workspaces/ki/web-ui/node_modules/enhanced-resolve/lib/CachedInputFileSystem.js:55:16)
    at /Users/horacionunez/workspaces/ki/web-ui/node_modules/enhanced-resolve/lib/CachedInputFileSystem.js:91:9
    at callback (/Users/horacionunez/workspaces/ki/web-ui/node_modules/graceful-fs/polyfills.js:299:20)
    at FSReqCallback.oncomplete (fs.js:183:21)
